13:45:30.936 [Thread-3] DEBUG  - Философ 3 размышляет.
13:45:30.936 [Thread-1] DEBUG  - Философ 1 размышляет.
13:45:30.936 [Thread-5] DEBUG  - Философ 5 размышляет.
13:45:30.936 [Thread-2] DEBUG  - Философ 2 размышляет.
13:45:30.936 [Thread-4] DEBUG  - Философ 4 размышляет.
13:45:32.939 [Thread-5] DEBUG  - Философ 5 окончил размышления.
13:45:32.939 [Thread-1] DEBUG  - Философ 1 окончил размышления.
13:45:32.939 [Thread-4] DEBUG  - Философ 4 окончил размышления.
13:45:32.939 [Thread-2] DEBUG  - Философ 2 окончил размышления.
13:45:32.939 [Thread-3] DEBUG  - Философ 3 окончил размышления.
13:45:32.941 [Thread-5] DEBUG  - Философ 5 захотел поесть
13:45:32.941 [Thread-2] DEBUG  - Философ 2 захотел поесть
13:45:32.941 [Thread-4] DEBUG  - Философ 4 захотел поесть
13:45:32.941 [Thread-3] DEBUG  - Философ 3 захотел поесть
13:45:32.954 [Thread-1] DEBUG  - Философ 1 захотел поесть
13:45:32.981 [Thread-6] DEBUG  - Офицант дал добро философу 5
13:45:32.982 [Thread-6] DEBUG  - Офицант дал добро философу 3
13:45:32.982 [Thread-5] DEBUG  - Философу 5 разрешено поесть.
13:45:32.982 [Thread-3] DEBUG  - Философу 3 разрешено поесть.
13:45:32.982 [Thread-5] DEBUG  - Философ 5 ест.Взяв вилки 4 5
13:45:32.982 [Thread-3] DEBUG  - Философ 3 ест.Взяв вилки 2 3
13:45:33.982 [Thread-6] DEBUG  - Офицант дал добро философу 1
13:45:33.982 [Thread-5] DEBUG  - Философ 5 закончил есть.
13:45:33.982 [Thread-6] DEBUG  - Офицант дал добро философу 4
13:45:33.982 [Thread-5] DEBUG  - Философ 5 размышляет.
13:45:33.983 [Thread-1] DEBUG  - Философу 1 разрешено поесть.
13:45:33.983 [Thread-4] DEBUG  - Философу 4 разрешено поесть.
13:45:33.983 [Thread-1] DEBUG  - Философ 1 ест.Взяв вилки 5 1
13:45:33.983 [Thread-4] DEBUG  - Философ 4 ест.Взяв вилки 3 4
13:45:33.982 [Thread-3] DEBUG  - Философ 3 закончил есть.
13:45:33.983 [Thread-3] DEBUG  - Философ 3 размышляет.
13:45:34.983 [Thread-4] DEBUG  - Философ 4 закончил есть.
13:45:34.983 [Thread-6] DEBUG  - Офицант дал добро философу 2
13:45:34.983 [Thread-1] DEBUG  - Философ 1 закончил есть.
13:45:34.983 [Thread-4] DEBUG  - Философ 4 размышляет.
13:45:34.983 [Thread-1] DEBUG  - Философ 1 размышляет.
13:45:34.983 [Thread-2] DEBUG  - Философу 2 разрешено поесть.
13:45:34.983 [Thread-2] DEBUG  - Философ 2 ест.Взяв вилки 1 2
13:45:35.983 [Thread-5] DEBUG  - Философ 5 окончил размышления.
13:45:35.983 [Thread-5] DEBUG  - Философ 5 захотел поесть
13:45:35.983 [Thread-6] DEBUG  - Офицант дал добро философу 5
13:45:35.983 [Thread-5] DEBUG  - Философу 5 разрешено поесть.
13:45:35.983 [Thread-5] DEBUG  - Философ 5 ест.Взяв вилки 4 5
13:45:35.983 [Thread-3] DEBUG  - Философ 3 окончил размышления.
13:45:35.984 [Thread-2] DEBUG  - Философ 2 закончил есть.
13:45:35.984 [Thread-3] DEBUG  - Философ 3 захотел поесть
13:45:35.984 [Thread-6] DEBUG  - Офицант дал добро философу 3
13:45:35.984 [Thread-2] DEBUG  - Философ 2 размышляет.
13:45:35.984 [Thread-3] DEBUG  - Философу 3 разрешено поесть.
13:45:35.984 [Thread-3] DEBUG  - Философ 3 ест.Взяв вилки 2 3
13:45:36.983 [Thread-5] DEBUG  - Философ 5 закончил есть.
13:45:36.983 [Thread-4] DEBUG  - Философ 4 окончил размышления.
13:45:36.983 [Thread-1] DEBUG  - Философ 1 окончил размышления.
13:45:36.984 [Thread-5] DEBUG  - Философ 5 размышляет.
13:45:36.984 [Thread-1] DEBUG  - Философ 1 захотел поесть
13:45:36.984 [Thread-6] DEBUG  - Офицант дал добро философу 1
13:45:36.984 [Thread-4] DEBUG  - Философ 4 захотел поесть
13:45:36.984 [Thread-1] DEBUG  - Философу 1 разрешено поесть.
13:45:36.984 [Thread-1] DEBUG  - Философ 1 ест.Взяв вилки 5 1
13:45:36.984 [Thread-6] DEBUG  - Офицант дал добро философу 4
13:45:36.984 [Thread-3] DEBUG  - Философ 3 закончил есть.
13:45:36.984 [Thread-3] DEBUG  - Философ 3 размышляет.
13:45:36.984 [Thread-4] DEBUG  - Философу 4 разрешено поесть.
13:45:36.984 [Thread-4] DEBUG  - Философ 4 ест.Взяв вилки 3 4
13:45:37.984 [Thread-2] DEBUG  - Философ 2 окончил размышления.
13:45:37.984 [Thread-2] DEBUG  - Философ 2 захотел поесть
13:45:37.984 [Thread-6] DEBUG  - Офицант дал добро философу 2
13:45:37.984 [Thread-1] DEBUG  - Философ 1 закончил есть.
13:45:37.984 [Thread-2] DEBUG  - Философу 2 разрешено поесть.
13:45:37.984 [Thread-1] DEBUG  - Философ 1 размышляет.
13:45:37.984 [Thread-2] DEBUG  - Философ 2 ест.Взяв вилки 1 2
13:45:37.984 [Thread-4] DEBUG  - Философ 4 закончил есть.
13:45:37.985 [Thread-4] DEBUG  - Философ 4 размышляет.
13:45:38.984 [Thread-5] DEBUG  - Философ 5 окончил размышления.
13:45:38.984 [Thread-5] DEBUG  - Философ 5 захотел поесть
13:45:38.984 [Thread-6] DEBUG  - Офицант дал добро философу 5
13:45:38.984 [Thread-5] DEBUG  - Философу 5 разрешено поесть.
13:45:38.984 [Thread-5] DEBUG  - Философ 5 ест.Взяв вилки 4 5
13:45:38.985 [Thread-2] DEBUG  - Философ 2 закончил есть.
13:45:38.985 [Thread-2] DEBUG  - Философ 2 размышляет.
13:45:38.985 [Thread-3] DEBUG  - Философ 3 окончил размышления.
13:45:38.985 [Thread-6] DEBUG  - Офицант дал добро философу 3
13:45:38.985 [Thread-3] DEBUG  - Философ 3 захотел поесть
13:45:38.985 [Thread-3] DEBUG  - Философу 3 разрешено поесть.
13:45:38.985 [Thread-3] DEBUG  - Философ 3 ест.Взяв вилки 2 3
13:45:39.985 [Thread-1] DEBUG  - Философ 1 окончил размышления.
13:45:39.985 [Thread-5] DEBUG  - Философ 5 закончил есть.
13:45:39.985 [Thread-1] DEBUG  - Философ 1 захотел поесть
13:45:39.985 [Thread-6] DEBUG  - Офицант дал добро философу 1
13:45:39.985 [Thread-5] DEBUG  - Философ 5 размышляет.
13:45:39.985 [Thread-1] DEBUG  - Философу 1 разрешено поесть.
13:45:39.985 [Thread-4] DEBUG  - Философ 4 окончил размышления.
13:45:39.985 [Thread-1] DEBUG  - Философ 1 ест.Взяв вилки 5 1
13:45:39.985 [Thread-4] DEBUG  - Философ 4 захотел поесть
13:45:39.985 [Thread-3] DEBUG  - Философ 3 закончил есть.
13:45:39.985 [Thread-6] DEBUG  - Офицант дал добро философу 4
13:45:39.985 [Thread-3] DEBUG  - Философ 3 размышляет.
13:45:39.985 [Thread-4] DEBUG  - Философу 4 разрешено поесть.
13:45:39.985 [Thread-4] DEBUG  - Философ 4 ест.Взяв вилки 3 4
13:45:40.985 [Thread-2] DEBUG  - Философ 2 окончил размышления.
13:45:40.985 [Thread-2] DEBUG  - Философ 2 захотел поесть
13:45:40.985 [Thread-6] DEBUG  - Офицант дал добро философу 2
13:45:40.985 [Thread-1] DEBUG  - Философ 1 закончил есть.
13:45:40.985 [Thread-2] DEBUG  - Философу 2 разрешено поесть.
13:45:40.985 [Thread-1] DEBUG  - Философ 1 размышляет.
13:45:40.985 [Thread-2] DEBUG  - Философ 2 ест.Взяв вилки 1 2
13:45:40.990 [Thread-4] DEBUG  - Философ 4 закончил есть.
13:45:40.991 [Thread-4] DEBUG  - Философ 4 размышляет.
13:45:41.985 [Thread-5] DEBUG  - Философ 5 окончил размышления.
13:45:41.985 [Thread-5] DEBUG  - Философ 5 захотел поесть
13:45:41.985 [Thread-6] DEBUG  - Офицант дал добро философу 5
13:45:41.985 [Thread-5] DEBUG  - Философу 5 разрешено поесть.
13:45:41.985 [Thread-5] DEBUG  - Философ 5 ест.Взяв вилки 4 5
13:45:41.985 [Thread-3] DEBUG  - Философ 3 окончил размышления.
13:45:41.985 [Thread-3] DEBUG  - Философ 3 захотел поесть
13:45:41.986 [Thread-2] DEBUG  - Философ 2 закончил есть.
13:45:41.986 [Thread-6] DEBUG  - Офицант дал добро философу 3
13:45:41.986 [Thread-2] DEBUG  - Философ 2 размышляет.
13:45:41.986 [Thread-3] DEBUG  - Философу 3 разрешено поесть.
13:45:41.986 [Thread-3] DEBUG  - Философ 3 ест.Взяв вилки 2 3
13:45:42.986 [Thread-1] DEBUG  - Философ 1 окончил размышления.
13:45:42.986 [Thread-5] DEBUG  - Философ 5 закончил есть.
13:45:42.986 [Thread-1] DEBUG  - Философ 1 захотел поесть
13:45:42.986 [Thread-6] DEBUG  - Офицант дал добро философу 1
13:45:42.986 [Thread-5] DEBUG  - Философ 5 размышляет.
13:45:42.986 [Thread-1] DEBUG  - Философу 1 разрешено поесть.
13:45:42.986 [Thread-3] DEBUG  - Философ 3 закончил есть.
13:45:42.986 [Thread-1] DEBUG  - Философ 1 ест.Взяв вилки 5 1
13:45:42.986 [Thread-3] DEBUG  - Философ 3 размышляет.
13:45:42.991 [Thread-4] DEBUG  - Философ 4 окончил размышления.
13:45:42.991 [Thread-6] DEBUG  - Офицант дал добро философу 4
13:45:42.991 [Thread-4] DEBUG  - Философ 4 захотел поесть
13:45:42.991 [Thread-4] DEBUG  - Философу 4 разрешено поесть.
13:45:42.991 [Thread-4] DEBUG  - Философ 4 ест.Взяв вилки 3 4
13:45:43.986 [Thread-2] DEBUG  - Философ 2 окончил размышления.
13:45:43.986 [Thread-2] DEBUG  - Философ 2 захотел поесть
13:45:43.986 [Thread-1] DEBUG  - Философ 1 закончил есть.
13:45:43.986 [Thread-6] DEBUG  - Офицант дал добро философу 2
13:45:43.986 [Thread-1] DEBUG  - Философ 1 размышляет.
13:45:43.986 [Thread-2] DEBUG  - Философу 2 разрешено поесть.
13:45:43.986 [Thread-2] DEBUG  - Философ 2 ест.Взяв вилки 1 2
13:45:43.991 [Thread-4] DEBUG  - Философ 4 закончил есть.
13:45:43.992 [Thread-4] DEBUG  - Философ 4 размышляет.
13:45:44.986 [Thread-5] DEBUG  - Философ 5 окончил размышления.
13:45:44.986 [Thread-5] DEBUG  - Философ 5 захотел поесть
13:45:44.986 [Thread-6] DEBUG  - Офицант дал добро философу 5
13:45:44.986 [Thread-5] DEBUG  - Философу 5 разрешено поесть.
13:45:44.986 [Thread-3] DEBUG  - Философ 3 окончил размышления.
13:45:44.986 [Thread-5] DEBUG  - Философ 5 ест.Взяв вилки 4 5
13:45:44.986 [Thread-3] DEBUG  - Философ 3 захотел поесть
13:45:44.987 [Thread-6] DEBUG  - Офицант дал добро философу 3
13:45:44.987 [Thread-2] DEBUG  - Философ 2 закончил есть.
13:45:44.987 [Thread-3] DEBUG  - Философу 3 разрешено поесть.
13:45:44.987 [Thread-2] DEBUG  - Философ 2 размышляет.
13:45:44.987 [Thread-3] DEBUG  - Философ 3 ест.Взяв вилки 2 3
13:45:45.987 [Thread-5] DEBUG  - Философ 5 закончил есть.
13:45:45.987 [Thread-1] DEBUG  - Философ 1 окончил размышления.
13:45:45.987 [Thread-5] DEBUG  - Философ 5 размышляет.
13:45:45.987 [Thread-1] DEBUG  - Философ 1 захотел поесть
13:45:45.987 [Thread-6] DEBUG  - Офицант дал добро философу 1
13:45:45.987 [Thread-1] DEBUG  - Философу 1 разрешено поесть.
13:45:45.987 [Thread-1] DEBUG  - Философ 1 ест.Взяв вилки 5 1
13:45:45.987 [Thread-3] DEBUG  - Философ 3 закончил есть.
13:45:45.987 [Thread-3] DEBUG  - Философ 3 размышляет.
13:45:45.992 [Thread-4] DEBUG  - Философ 4 окончил размышления.
13:45:45.992 [Thread-4] DEBUG  - Философ 4 захотел поесть
13:45:45.992 [Thread-6] DEBUG  - Офицант дал добро философу 4
13:45:45.992 [Thread-4] DEBUG  - Философу 4 разрешено поесть.
13:45:45.992 [Thread-4] DEBUG  - Философ 4 ест.Взяв вилки 3 4
13:45:46.987 [Thread-2] DEBUG  - Философ 2 окончил размышления.
13:45:46.987 [Thread-1] DEBUG  - Философ 1 закончил есть.
13:45:46.987 [Thread-6] DEBUG  - Офицант дал добро философу 2
13:45:46.987 [Thread-2] DEBUG  - Философ 2 захотел поесть
13:45:46.987 [Thread-1] DEBUG  - Философ 1 размышляет.
13:45:46.987 [Thread-2] DEBUG  - Философу 2 разрешено поесть.
13:45:46.987 [Thread-2] DEBUG  - Философ 2 ест.Взяв вилки 1 2
13:45:46.992 [Thread-4] DEBUG  - Философ 4 закончил есть.
13:45:46.992 [Thread-4] DEBUG  - Философ 4 размышляет.
13:45:47.987 [Thread-5] DEBUG  - Философ 5 окончил размышления.
13:45:47.987 [Thread-5] DEBUG  - Философ 5 захотел поесть
13:45:47.987 [Thread-6] DEBUG  - Офицант дал добро философу 5
13:45:47.987 [Thread-5] DEBUG  - Философу 5 разрешено поесть.
13:45:47.987 [Thread-3] DEBUG  - Философ 3 окончил размышления.
13:45:47.987 [Thread-5] DEBUG  - Философ 5 ест.Взяв вилки 4 5
13:45:47.987 [Thread-3] DEBUG  - Философ 3 захотел поесть
13:45:47.987 [Thread-2] DEBUG  - Философ 2 закончил есть.
13:45:47.987 [Thread-6] DEBUG  - Офицант дал добро философу 3
13:45:47.988 [Thread-2] DEBUG  - Философ 2 размышляет.
13:45:47.988 [Thread-3] DEBUG  - Философу 3 разрешено поесть.
13:45:47.988 [Thread-3] DEBUG  - Философ 3 ест.Взяв вилки 2 3
13:45:48.987 [Thread-1] DEBUG  - Философ 1 окончил размышления.
13:45:48.987 [Thread-5] DEBUG  - Философ 5 закончил есть.
13:45:48.988 [Thread-5] DEBUG  - Философ 5 размышляет.
13:45:48.988 [Thread-1] DEBUG  - Философ 1 захотел поесть
13:45:48.988 [Thread-6] DEBUG  - Офицант дал добро философу 1
13:45:48.988 [Thread-1] DEBUG  - Философу 1 разрешено поесть.
13:45:48.988 [Thread-3] DEBUG  - Философ 3 закончил есть.
13:45:48.988 [Thread-1] DEBUG  - Философ 1 ест.Взяв вилки 5 1
13:45:48.988 [Thread-3] DEBUG  - Философ 3 размышляет.
13:45:48.992 [Thread-4] DEBUG  - Философ 4 окончил размышления.
13:45:48.992 [Thread-4] DEBUG  - Философ 4 захотел поесть
13:45:48.992 [Thread-6] DEBUG  - Офицант дал добро философу 4
13:45:48.993 [Thread-4] DEBUG  - Философу 4 разрешено поесть.
13:45:48.993 [Thread-4] DEBUG  - Философ 4 ест.Взяв вилки 3 4
13:45:49.988 [Thread-2] DEBUG  - Философ 2 окончил размышления.
13:45:49.988 [Thread-2] DEBUG  - Философ 2 захотел поесть
13:45:49.988 [Thread-6] DEBUG  - Офицант дал добро философу 2
13:45:49.988 [Thread-1] DEBUG  - Философ 1 закончил есть.
13:45:49.988 [Thread-2] DEBUG  - Философу 2 разрешено поесть.
13:45:49.988 [Thread-1] DEBUG  - Философ 1 размышляет.
13:45:49.988 [Thread-2] DEBUG  - Философ 2 ест.Взяв вилки 1 2
13:45:49.993 [Thread-4] DEBUG  - Философ 4 закончил есть.
13:45:49.993 [Thread-4] DEBUG  - Философ 4 размышляет.
13:45:50.988 [Thread-5] DEBUG  - Философ 5 окончил размышления.
13:45:50.988 [Thread-5] DEBUG  - Философ 5 захотел поесть
13:45:50.988 [Thread-3] DEBUG  - Философ 3 окончил размышления.
13:45:50.988 [Thread-3] DEBUG  - Философ 3 захотел поесть
13:45:50.988 [Thread-2] DEBUG  - Философ 2 закончил есть.
13:45:51.988 [Thread-1] DEBUG  - Философ 1 окончил размышления.
13:45:51.989 [Thread-1] DEBUG  - Философ 1 захотел поесть
13:45:51.993 [Thread-4] DEBUG  - Философ 4 окончил размышления.
13:45:51.993 [Thread-4] DEBUG  - Философ 4 захотел поесть
